E:\Yasi\Project\Work\easySQLite\ReleaseX86\cl.command.1.tlog
E:\Yasi\Project\Work\easySQLite\ReleaseX86\CL.read.1.tlog
E:\Yasi\Project\Work\easySQLite\ReleaseX86\CL.write.1.tlog
E:\Yasi\Project\Work\easySQLite\ReleaseX86\easySQLite.vcxprojResolveAssemblyReference.cache
E:\Yasi\Project\Work\easySQLite\ReleaseX86\easySQLite.write.1.tlog
E:\Yasi\Project\Work\easySQLite\ReleaseX86\lib.command.1.tlog
E:\Yasi\Project\Work\easySQLite\ReleaseX86\Lib-link.read.1.tlog
E:\Yasi\Project\Work\easySQLite\ReleaseX86\Lib-link.write.1.tlog
E:\YASI\PROJECT\WORK\EASYSQLITE\RELEASEX86\SHA1.OBJ
E:\YASI\PROJECT\WORK\EASYSQLITE\RELEASEX86\SQLCOMMON.OBJ
E:\YASI\PROJECT\WORK\EASYSQLITE\RELEASEX86\SQLDATABASE.OBJ
E:\YASI\PROJECT\WORK\EASYSQLITE\RELEASEX86\SQLFIELD.OBJ
E:\YASI\PROJECT\WORK\EASYSQLITE\RELEASEX86\SQLFIELDSET.OBJ
E:\YASI\PROJECT\WORK\EASYSQLITE\RELEASEX86\SQLITE3.OBJ
E:\YASI\PROJECT\WORK\EASYSQLITE\RELEASEX86\SQLRECORD.OBJ
E:\YASI\PROJECT\WORK\EASYSQLITE\RELEASEX86\SQLRECORDSET.OBJ
E:\YASI\PROJECT\WORK\EASYSQLITE\RELEASEX86\SQLTABLE.OBJ
E:\YASI\PROJECT\WORK\EASYSQLITE\RELEASEX86\SQLVALUE.OBJ
E:\YASI\PROJECT\WORK\EASYSQLITE\RELEASEX86\VC100.PDB
E:\YASI\PROJECT\WORK\RELEASEX86\EASYSQLITE.LIB
