E:\YASI\PROJECT\WORK\DEBUGX86\SCINTILLALIB.LIB
E:\YASI\PROJECT\WORK\SCINTILLALIB\DEBUGX86\ACCESSOR.OBJ
E:\YASI\PROJECT\WORK\SCINTILLALIB\DEBUGX86\AUTOCOMPLETE.OBJ
E:\YASI\PROJECT\WORK\SCINTILLALIB\DEBUGX86\CALLTIP.OBJ
E:\YASI\PROJECT\WORK\SCINTILLALIB\DEBUGX86\CASECONVERT.OBJ
E:\YASI\PROJECT\WORK\SCINTILLALIB\DEBUGX86\CASEFOLDER.OBJ
E:\YASI\PROJECT\WORK\SCINTILLALIB\DEBUGX86\CATALOGUE.OBJ
E:\YASI\PROJECT\WORK\SCINTILLALIB\DEBUGX86\CELLBUFFER.OBJ
E:\YASI\PROJECT\WORK\SCINTILLALIB\DEBUGX86\CHARACTERCATEGORY.OBJ
E:\YASI\PROJECT\WORK\SCINTILLALIB\DEBUGX86\CHARACTERSET.OBJ
E:\YASI\PROJECT\WORK\SCINTILLALIB\DEBUGX86\CHARCLASSIFY.OBJ
E:\YASI\PROJECT\WORK\SCINTILLALIB\DEBUGX86\CHECKD2D.OBJ
E:\Yasi\Project\Work\ScintillaLib\DebugX86\cl.command.1.tlog
E:\Yasi\Project\Work\ScintillaLib\DebugX86\CL.read.1.tlog
E:\Yasi\Project\Work\ScintillaLib\DebugX86\CL.write.1.tlog
E:\YASI\PROJECT\WORK\SCINTILLALIB\DEBUGX86\CONTRACTIONSTATE.OBJ
E:\YASI\PROJECT\WORK\SCINTILLALIB\DEBUGX86\DECORATION.OBJ
E:\YASI\PROJECT\WORK\SCINTILLALIB\DEBUGX86\DOCUMENT.OBJ
E:\YASI\PROJECT\WORK\SCINTILLALIB\DEBUGX86\EDITMODEL.OBJ
E:\YASI\PROJECT\WORK\SCINTILLALIB\DEBUGX86\EDITOR.OBJ
E:\YASI\PROJECT\WORK\SCINTILLALIB\DEBUGX86\EDITVIEW.OBJ
E:\YASI\PROJECT\WORK\SCINTILLALIB\DEBUGX86\EXTERNALLEXER.OBJ
E:\YASI\PROJECT\WORK\SCINTILLALIB\DEBUGX86\HANJADIC.OBJ
E:\YASI\PROJECT\WORK\SCINTILLALIB\DEBUGX86\INDICATOR.OBJ
E:\YASI\PROJECT\WORK\SCINTILLALIB\DEBUGX86\KEYMAP.OBJ
E:\YASI\PROJECT\WORK\SCINTILLALIB\DEBUGX86\LEXA68K.OBJ
E:\YASI\PROJECT\WORK\SCINTILLALIB\DEBUGX86\LEXABAQUS.OBJ
E:\YASI\PROJECT\WORK\SCINTILLALIB\DEBUGX86\LEXADA.OBJ
E:\YASI\PROJECT\WORK\SCINTILLALIB\DEBUGX86\LEXAPDL.OBJ
E:\YASI\PROJECT\WORK\SCINTILLALIB\DEBUGX86\LEXASM.OBJ
E:\YASI\PROJECT\WORK\SCINTILLALIB\DEBUGX86\LEXASN1.OBJ
E:\YASI\PROJECT\WORK\SCINTILLALIB\DEBUGX86\LEXASY.OBJ
E:\YASI\PROJECT\WORK\SCINTILLALIB\DEBUGX86\LEXAU3.OBJ
E:\YASI\PROJECT\WORK\SCINTILLALIB\DEBUGX86\LEXAVE.OBJ
E:\YASI\PROJECT\WORK\SCINTILLALIB\DEBUGX86\LEXAVS.OBJ
E:\YASI\PROJECT\WORK\SCINTILLALIB\DEBUGX86\LEXBAAN.OBJ
E:\YASI\PROJECT\WORK\SCINTILLALIB\DEBUGX86\LEXBASH.OBJ
E:\YASI\PROJECT\WORK\SCINTILLALIB\DEBUGX86\LEXBASIC.OBJ
E:\YASI\PROJECT\WORK\SCINTILLALIB\DEBUGX86\LEXBATCH.OBJ
E:\YASI\PROJECT\WORK\SCINTILLALIB\DEBUGX86\LEXBIBTEX.OBJ
E:\YASI\PROJECT\WORK\SCINTILLALIB\DEBUGX86\LEXBULLANT.OBJ
E:\YASI\PROJECT\WORK\SCINTILLALIB\DEBUGX86\LEXCAML.OBJ
E:\YASI\PROJECT\WORK\SCINTILLALIB\DEBUGX86\LEXCLW.OBJ
E:\YASI\PROJECT\WORK\SCINTILLALIB\DEBUGX86\LEXCMAKE.OBJ
E:\YASI\PROJECT\WORK\SCINTILLALIB\DEBUGX86\LEXCOBOL.OBJ
E:\YASI\PROJECT\WORK\SCINTILLALIB\DEBUGX86\LEXCOFFEESCRIPT.OBJ
E:\YASI\PROJECT\WORK\SCINTILLALIB\DEBUGX86\LEXCONF.OBJ
E:\YASI\PROJECT\WORK\SCINTILLALIB\DEBUGX86\LEXCPP.OBJ
E:\YASI\PROJECT\WORK\SCINTILLALIB\DEBUGX86\LEXCRONTAB.OBJ
E:\YASI\PROJECT\WORK\SCINTILLALIB\DEBUGX86\LEXCSOUND.OBJ
E:\YASI\PROJECT\WORK\SCINTILLALIB\DEBUGX86\LEXCSS.OBJ
E:\YASI\PROJECT\WORK\SCINTILLALIB\DEBUGX86\LEXD.OBJ
E:\YASI\PROJECT\WORK\SCINTILLALIB\DEBUGX86\LEXDIFF.OBJ
E:\YASI\PROJECT\WORK\SCINTILLALIB\DEBUGX86\LEXDMAP.OBJ
E:\YASI\PROJECT\WORK\SCINTILLALIB\DEBUGX86\LEXDMIS.OBJ
E:\YASI\PROJECT\WORK\SCINTILLALIB\DEBUGX86\LEXECL.OBJ
E:\YASI\PROJECT\WORK\SCINTILLALIB\DEBUGX86\LEXEIFFEL.OBJ
E:\YASI\PROJECT\WORK\SCINTILLALIB\DEBUGX86\LEXERBASE.OBJ
E:\YASI\PROJECT\WORK\SCINTILLALIB\DEBUGX86\LEXERLANG.OBJ
E:\YASI\PROJECT\WORK\SCINTILLALIB\DEBUGX86\LEXERMODULE.OBJ
E:\YASI\PROJECT\WORK\SCINTILLALIB\DEBUGX86\LEXERNOEXCEPTIONS.OBJ
E:\YASI\PROJECT\WORK\SCINTILLALIB\DEBUGX86\LEXERRORLIST.OBJ
E:\YASI\PROJECT\WORK\SCINTILLALIB\DEBUGX86\LEXERSIMPLE.OBJ
E:\YASI\PROJECT\WORK\SCINTILLALIB\DEBUGX86\LEXESCRIPT.OBJ
E:\YASI\PROJECT\WORK\SCINTILLALIB\DEBUGX86\LEXFLAGSHIP.OBJ
E:\YASI\PROJECT\WORK\SCINTILLALIB\DEBUGX86\LEXFORTH.OBJ
E:\YASI\PROJECT\WORK\SCINTILLALIB\DEBUGX86\LEXFORTRAN.OBJ
E:\YASI\PROJECT\WORK\SCINTILLALIB\DEBUGX86\LEXGAP.OBJ
E:\YASI\PROJECT\WORK\SCINTILLALIB\DEBUGX86\LEXGUI4CLI.OBJ
E:\YASI\PROJECT\WORK\SCINTILLALIB\DEBUGX86\LEXHASKELL.OBJ
E:\YASI\PROJECT\WORK\SCINTILLALIB\DEBUGX86\LEXHEX.OBJ
E:\YASI\PROJECT\WORK\SCINTILLALIB\DEBUGX86\LEXHTML.OBJ
E:\YASI\PROJECT\WORK\SCINTILLALIB\DEBUGX86\LEXINNO.OBJ
E:\YASI\PROJECT\WORK\SCINTILLALIB\DEBUGX86\LEXJSON.OBJ
E:\YASI\PROJECT\WORK\SCINTILLALIB\DEBUGX86\LEXKIX.OBJ
E:\YASI\PROJECT\WORK\SCINTILLALIB\DEBUGX86\LEXKVIRC.OBJ
E:\YASI\PROJECT\WORK\SCINTILLALIB\DEBUGX86\LEXLATEX.OBJ
E:\YASI\PROJECT\WORK\SCINTILLALIB\DEBUGX86\LEXLISP.OBJ
E:\YASI\PROJECT\WORK\SCINTILLALIB\DEBUGX86\LEXLOUT.OBJ
E:\YASI\PROJECT\WORK\SCINTILLALIB\DEBUGX86\LEXLUA.OBJ
E:\YASI\PROJECT\WORK\SCINTILLALIB\DEBUGX86\LEXMAGIK.OBJ
E:\YASI\PROJECT\WORK\SCINTILLALIB\DEBUGX86\LEXMAKE.OBJ
E:\YASI\PROJECT\WORK\SCINTILLALIB\DEBUGX86\LEXMARKDOWN.OBJ
E:\YASI\PROJECT\WORK\SCINTILLALIB\DEBUGX86\LEXMATLAB.OBJ
E:\YASI\PROJECT\WORK\SCINTILLALIB\DEBUGX86\LEXMETAPOST.OBJ
E:\YASI\PROJECT\WORK\SCINTILLALIB\DEBUGX86\LEXMMIXAL.OBJ
E:\YASI\PROJECT\WORK\SCINTILLALIB\DEBUGX86\LEXMODULA.OBJ
E:\YASI\PROJECT\WORK\SCINTILLALIB\DEBUGX86\LEXMPT.OBJ
E:\YASI\PROJECT\WORK\SCINTILLALIB\DEBUGX86\LEXMSSQL.OBJ
E:\YASI\PROJECT\WORK\SCINTILLALIB\DEBUGX86\LEXMYSQL.OBJ
E:\YASI\PROJECT\WORK\SCINTILLALIB\DEBUGX86\LEXNIMROD.OBJ
E:\YASI\PROJECT\WORK\SCINTILLALIB\DEBUGX86\LEXNSIS.OBJ
E:\YASI\PROJECT\WORK\SCINTILLALIB\DEBUGX86\LEXNULL.OBJ
E:\YASI\PROJECT\WORK\SCINTILLALIB\DEBUGX86\LEXOPAL.OBJ
E:\YASI\PROJECT\WORK\SCINTILLALIB\DEBUGX86\LEXOSCRIPT.OBJ
E:\YASI\PROJECT\WORK\SCINTILLALIB\DEBUGX86\LEXPASCAL.OBJ
E:\YASI\PROJECT\WORK\SCINTILLALIB\DEBUGX86\LEXPB.OBJ
E:\YASI\PROJECT\WORK\SCINTILLALIB\DEBUGX86\LEXPERL.OBJ
E:\YASI\PROJECT\WORK\SCINTILLALIB\DEBUGX86\LEXPLM.OBJ
E:\YASI\PROJECT\WORK\SCINTILLALIB\DEBUGX86\LEXPO.OBJ
E:\YASI\PROJECT\WORK\SCINTILLALIB\DEBUGX86\LEXPOV.OBJ
E:\YASI\PROJECT\WORK\SCINTILLALIB\DEBUGX86\LEXPOWERPRO.OBJ
E:\YASI\PROJECT\WORK\SCINTILLALIB\DEBUGX86\LEXPOWERSHELL.OBJ
E:\YASI\PROJECT\WORK\SCINTILLALIB\DEBUGX86\LEXPROGRESS.OBJ
E:\YASI\PROJECT\WORK\SCINTILLALIB\DEBUGX86\LEXPROPS.OBJ
E:\YASI\PROJECT\WORK\SCINTILLALIB\DEBUGX86\LEXPS.OBJ
E:\YASI\PROJECT\WORK\SCINTILLALIB\DEBUGX86\LEXPYTHON.OBJ
E:\YASI\PROJECT\WORK\SCINTILLALIB\DEBUGX86\LEXR.OBJ
E:\YASI\PROJECT\WORK\SCINTILLALIB\DEBUGX86\LEXREBOL.OBJ
E:\YASI\PROJECT\WORK\SCINTILLALIB\DEBUGX86\LEXREGISTRY.OBJ
E:\YASI\PROJECT\WORK\SCINTILLALIB\DEBUGX86\LEXRUBY.OBJ
E:\YASI\PROJECT\WORK\SCINTILLALIB\DEBUGX86\LEXRUST.OBJ
E:\YASI\PROJECT\WORK\SCINTILLALIB\DEBUGX86\LEXSCRIPTOL.OBJ
E:\YASI\PROJECT\WORK\SCINTILLALIB\DEBUGX86\LEXSMALLTALK.OBJ
E:\YASI\PROJECT\WORK\SCINTILLALIB\DEBUGX86\LEXSML.OBJ
E:\YASI\PROJECT\WORK\SCINTILLALIB\DEBUGX86\LEXSORCUS.OBJ
E:\YASI\PROJECT\WORK\SCINTILLALIB\DEBUGX86\LEXSPECMAN.OBJ
E:\YASI\PROJECT\WORK\SCINTILLALIB\DEBUGX86\LEXSPICE.OBJ
E:\YASI\PROJECT\WORK\SCINTILLALIB\DEBUGX86\LEXSQL.OBJ
E:\YASI\PROJECT\WORK\SCINTILLALIB\DEBUGX86\LEXSTTXT.OBJ
E:\YASI\PROJECT\WORK\SCINTILLALIB\DEBUGX86\LEXTACL.OBJ
E:\YASI\PROJECT\WORK\SCINTILLALIB\DEBUGX86\LEXTADS3.OBJ
E:\YASI\PROJECT\WORK\SCINTILLALIB\DEBUGX86\LEXTAL.OBJ
E:\YASI\PROJECT\WORK\SCINTILLALIB\DEBUGX86\LEXTCL.OBJ
E:\YASI\PROJECT\WORK\SCINTILLALIB\DEBUGX86\LEXTCMD.OBJ
E:\YASI\PROJECT\WORK\SCINTILLALIB\DEBUGX86\LEXTEX.OBJ
E:\YASI\PROJECT\WORK\SCINTILLALIB\DEBUGX86\LEXTXT2TAGS.OBJ
E:\YASI\PROJECT\WORK\SCINTILLALIB\DEBUGX86\LEXVB.OBJ
E:\YASI\PROJECT\WORK\SCINTILLALIB\DEBUGX86\LEXVERILOG.OBJ
E:\YASI\PROJECT\WORK\SCINTILLALIB\DEBUGX86\LEXVHDL.OBJ
E:\YASI\PROJECT\WORK\SCINTILLALIB\DEBUGX86\LEXVISUALPROLOG.OBJ
E:\YASI\PROJECT\WORK\SCINTILLALIB\DEBUGX86\LEXYAML.OBJ
E:\Yasi\Project\Work\ScintillaLib\DebugX86\lib.command.1.tlog
E:\Yasi\Project\Work\ScintillaLib\DebugX86\Lib-link.read.1.tlog
E:\Yasi\Project\Work\ScintillaLib\DebugX86\Lib-link.write.1.tlog
E:\YASI\PROJECT\WORK\SCINTILLALIB\DEBUGX86\LINEMARKER.OBJ
E:\YASI\PROJECT\WORK\SCINTILLALIB\DEBUGX86\MARGINVIEW.OBJ
E:\YASI\PROJECT\WORK\SCINTILLALIB\DEBUGX86\PERLINE.OBJ
E:\YASI\PROJECT\WORK\SCINTILLALIB\DEBUGX86\PLATWIN.OBJ
E:\YASI\PROJECT\WORK\SCINTILLALIB\DEBUGX86\POSITIONCACHE.OBJ
E:\YASI\PROJECT\WORK\SCINTILLALIB\DEBUGX86\PROPSETSIMPLE.OBJ
E:\YASI\PROJECT\WORK\SCINTILLALIB\DEBUGX86\RESEARCH.OBJ
E:\YASI\PROJECT\WORK\SCINTILLALIB\DEBUGX86\RUNSTYLES.OBJ
E:\YASI\PROJECT\WORK\SCINTILLALIB\DEBUGX86\SCINTILLABASE.OBJ
E:\YASI\PROJECT\WORK\SCINTILLALIB\DEBUGX86\SCINTILLALIB.PCH
E:\Yasi\Project\Work\ScintillaLib\DebugX86\ScintillaLib.vcxprojResolveAssemblyReference.cache
E:\Yasi\Project\Work\ScintillaLib\DebugX86\ScintillaLib.write.1.tlog
E:\YASI\PROJECT\WORK\SCINTILLALIB\DEBUGX86\SCINTILLAWIN.OBJ
E:\YASI\PROJECT\WORK\SCINTILLALIB\DEBUGX86\SELECTION.OBJ
E:\YASI\PROJECT\WORK\SCINTILLALIB\DEBUGX86\STDAFX.OBJ
E:\YASI\PROJECT\WORK\SCINTILLALIB\DEBUGX86\STYLE.OBJ
E:\YASI\PROJECT\WORK\SCINTILLALIB\DEBUGX86\STYLECONTEXT.OBJ
E:\YASI\PROJECT\WORK\SCINTILLALIB\DEBUGX86\UNICONVERSION.OBJ
E:\Yasi\Project\Work\ScintillaLib\DebugX86\vc100.idb
E:\YASI\PROJECT\WORK\SCINTILLALIB\DEBUGX86\VC100.PDB
E:\YASI\PROJECT\WORK\SCINTILLALIB\DEBUGX86\VIEWSTYLE.OBJ
E:\YASI\PROJECT\WORK\SCINTILLALIB\DEBUGX86\WORDLIST.OBJ
E:\YASI\PROJECT\WORK\SCINTILLALIB\DEBUGX86\XPM.OBJ
