E:\YASI\PROJECT\WORK\RELEASEX86\ROBOOP.LIB
E:\Yasi\Project\Work\roboop\ReleaseX86\cl.command.1.tlog
E:\Yasi\Project\Work\roboop\ReleaseX86\CL.read.1.tlog
E:\Yasi\Project\Work\roboop\ReleaseX86\CL.write.1.tlog
E:\YASI\PROJECT\WORK\ROBOOP\RELEASEX86\CLIK.OBJ
E:\YASI\PROJECT\WORK\ROBOOP\RELEASEX86\COMP_DQ.OBJ
E:\YASI\PROJECT\WORK\ROBOOP\RELEASEX86\COMP_DQP.OBJ
E:\YASI\PROJECT\WORK\ROBOOP\RELEASEX86\CONFIG.OBJ
E:\YASI\PROJECT\WORK\ROBOOP\RELEASEX86\CONTROL_SELECT.OBJ
E:\YASI\PROJECT\WORK\ROBOOP\RELEASEX86\CONTROLLER.OBJ
E:\YASI\PROJECT\WORK\ROBOOP\RELEASEX86\DELTA_T.OBJ
E:\YASI\PROJECT\WORK\ROBOOP\RELEASEX86\DYNAMICS.OBJ
E:\YASI\PROJECT\WORK\ROBOOP\RELEASEX86\DYNAMICS_SIM.OBJ
E:\YASI\PROJECT\WORK\ROBOOP\RELEASEX86\HOMOGEN.OBJ
E:\YASI\PROJECT\WORK\ROBOOP\RELEASEX86\INVKINE.OBJ
E:\YASI\PROJECT\WORK\ROBOOP\RELEASEX86\KINEMAT.OBJ
E:\Yasi\Project\Work\roboop\ReleaseX86\lib.command.1.tlog
E:\Yasi\Project\Work\roboop\ReleaseX86\Lib-link.read.1.tlog
E:\Yasi\Project\Work\roboop\ReleaseX86\Lib-link.write.1.tlog
E:\YASI\PROJECT\WORK\ROBOOP\RELEASEX86\QUATERNION.OBJ
E:\Yasi\Project\Work\roboop\ReleaseX86\roboop.write.1.tlog
E:\YASI\PROJECT\WORK\ROBOOP\RELEASEX86\ROBOT.OBJ
E:\YASI\PROJECT\WORK\ROBOOP\RELEASEX86\SENSITIV.OBJ
E:\YASI\PROJECT\WORK\ROBOOP\RELEASEX86\STEWART.OBJ
E:\YASI\PROJECT\WORK\ROBOOP\RELEASEX86\TRAJECTORY.OBJ
E:\YASI\PROJECT\WORK\ROBOOP\RELEASEX86\UTILS.OBJ
E:\YASI\PROJECT\WORK\ROBOOP\RELEASEX86\VC100.PDB
