E:\YASI\PROJECT\WORK\DEBUGX86\ROBOOP.LIB
E:\Yasi\Project\Work\roboop\DebugX86\cl.command.1.tlog
E:\Yasi\Project\Work\roboop\DebugX86\CL.read.1.tlog
E:\Yasi\Project\Work\roboop\DebugX86\CL.write.1.tlog
E:\YASI\PROJECT\WORK\ROBOOP\DEBUGX86\CLIK.OBJ
E:\YASI\PROJECT\WORK\ROBOOP\DEBUGX86\COMP_DQ.OBJ
E:\YASI\PROJECT\WORK\ROBOOP\DEBUGX86\COMP_DQP.OBJ
E:\YASI\PROJECT\WORK\ROBOOP\DEBUGX86\CONFIG.OBJ
E:\YASI\PROJECT\WORK\ROBOOP\DEBUGX86\CONTROL_SELECT.OBJ
E:\YASI\PROJECT\WORK\ROBOOP\DEBUGX86\CONTROLLER.OBJ
E:\YASI\PROJECT\WORK\ROBOOP\DEBUGX86\DELTA_T.OBJ
E:\YASI\PROJECT\WORK\ROBOOP\DEBUGX86\DYNAMICS.OBJ
E:\YASI\PROJECT\WORK\ROBOOP\DEBUGX86\DYNAMICS_SIM.OBJ
E:\YASI\PROJECT\WORK\ROBOOP\DEBUGX86\HOMOGEN.OBJ
E:\YASI\PROJECT\WORK\ROBOOP\DEBUGX86\INVKINE.OBJ
E:\YASI\PROJECT\WORK\ROBOOP\DEBUGX86\KINEMAT.OBJ
E:\Yasi\Project\Work\roboop\DebugX86\lib.command.1.tlog
E:\Yasi\Project\Work\roboop\DebugX86\Lib-link.read.1.tlog
E:\Yasi\Project\Work\roboop\DebugX86\Lib-link.write.1.tlog
E:\YASI\PROJECT\WORK\ROBOOP\DEBUGX86\QUATERNION.OBJ
E:\Yasi\Project\Work\roboop\DebugX86\roboop.write.1.tlog
E:\YASI\PROJECT\WORK\ROBOOP\DEBUGX86\ROBOT.OBJ
E:\YASI\PROJECT\WORK\ROBOOP\DEBUGX86\SENSITIV.OBJ
E:\YASI\PROJECT\WORK\ROBOOP\DEBUGX86\STEWART.OBJ
E:\YASI\PROJECT\WORK\ROBOOP\DEBUGX86\TRAJECTORY.OBJ
E:\YASI\PROJECT\WORK\ROBOOP\DEBUGX86\UTILS.OBJ
E:\Yasi\Project\Work\roboop\DebugX86\vc100.idb
E:\YASI\PROJECT\WORK\ROBOOP\DEBUGX86\VC100.PDB
