E:\YASI\PROJECT\WORK\DEBUGX86\EASYSQLITE.LIB
E:\Yasi\Project\Work\easySQLite\DebugX86\cl.command.1.tlog
E:\Yasi\Project\Work\easySQLite\DebugX86\CL.read.1.tlog
E:\Yasi\Project\Work\easySQLite\DebugX86\CL.write.1.tlog
E:\Yasi\Project\Work\easySQLite\DebugX86\easySQLite.vcxprojResolveAssemblyReference.cache
E:\Yasi\Project\Work\easySQLite\DebugX86\easySQLite.write.1.tlog
E:\Yasi\Project\Work\easySQLite\DebugX86\lib.command.1.tlog
E:\Yasi\Project\Work\easySQLite\DebugX86\Lib-link.read.1.tlog
E:\Yasi\Project\Work\easySQLite\DebugX86\Lib-link.write.1.tlog
E:\YASI\PROJECT\WORK\EASYSQLITE\DEBUGX86\SHA1.OBJ
E:\YASI\PROJECT\WORK\EASYSQLITE\DEBUGX86\SQLCOMMON.OBJ
E:\YASI\PROJECT\WORK\EASYSQLITE\DEBUGX86\SQLDATABASE.OBJ
E:\YASI\PROJECT\WORK\EASYSQLITE\DEBUGX86\SQLFIELD.OBJ
E:\YASI\PROJECT\WORK\EASYSQLITE\DEBUGX86\SQLFIELDSET.OBJ
E:\YASI\PROJECT\WORK\EASYSQLITE\DEBUGX86\SQLITE3.OBJ
E:\YASI\PROJECT\WORK\EASYSQLITE\DEBUGX86\SQLRECORD.OBJ
E:\YASI\PROJECT\WORK\EASYSQLITE\DEBUGX86\SQLRECORDSET.OBJ
E:\YASI\PROJECT\WORK\EASYSQLITE\DEBUGX86\SQLTABLE.OBJ
E:\YASI\PROJECT\WORK\EASYSQLITE\DEBUGX86\SQLVALUE.OBJ
E:\Yasi\Project\Work\easySQLite\DebugX86\vc100.idb
E:\YASI\PROJECT\WORK\EASYSQLITE\DEBUGX86\VC100.PDB
