E:\YASI\PROJECT\WORK\DEBUGX86\LUABIND.LIB
E:\Yasi\Project\Work\LuaBind\DebugX86\cl.command.1.tlog
E:\Yasi\Project\Work\LuaBind\DebugX86\CL.read.1.tlog
E:\Yasi\Project\Work\LuaBind\DebugX86\CL.write.1.tlog
E:\YASI\PROJECT\WORK\LUABIND\DEBUGX86\CLASS.OBJ
E:\YASI\PROJECT\WORK\LUABIND\DEBUGX86\CLASS_INFO.OBJ
E:\YASI\PROJECT\WORK\LUABIND\DEBUGX86\CLASS_REGISTRY.OBJ
E:\YASI\PROJECT\WORK\LUABIND\DEBUGX86\CLASS_REP.OBJ
E:\YASI\PROJECT\WORK\LUABIND\DEBUGX86\CREATE_CLASS.OBJ
E:\YASI\PROJECT\WORK\LUABIND\DEBUGX86\ERROR.OBJ
E:\YASI\PROJECT\WORK\LUABIND\DEBUGX86\EXCEPTION_HANDLER.OBJ
E:\YASI\PROJECT\WORK\LUABIND\DEBUGX86\FUNCTION.OBJ
E:\YASI\PROJECT\WORK\LUABIND\DEBUGX86\INHERITANCE.OBJ
E:\YASI\PROJECT\WORK\LUABIND\DEBUGX86\LAPI.OBJ
E:\YASI\PROJECT\WORK\LUABIND\DEBUGX86\LAUXLIB.OBJ
E:\YASI\PROJECT\WORK\LUABIND\DEBUGX86\LBASELIB.OBJ
E:\YASI\PROJECT\WORK\LUABIND\DEBUGX86\LCODE.OBJ
E:\YASI\PROJECT\WORK\LUABIND\DEBUGX86\LDBLIB.OBJ
E:\YASI\PROJECT\WORK\LUABIND\DEBUGX86\LDEBUG.OBJ
E:\YASI\PROJECT\WORK\LUABIND\DEBUGX86\LDO.OBJ
E:\YASI\PROJECT\WORK\LUABIND\DEBUGX86\LDUMP.OBJ
E:\YASI\PROJECT\WORK\LUABIND\DEBUGX86\LFUNC.OBJ
E:\YASI\PROJECT\WORK\LUABIND\DEBUGX86\LGC.OBJ
E:\Yasi\Project\Work\LuaBind\DebugX86\lib.command.1.tlog
E:\Yasi\Project\Work\LuaBind\DebugX86\Lib-link.read.1.tlog
E:\Yasi\Project\Work\LuaBind\DebugX86\Lib-link.write.1.tlog
E:\YASI\PROJECT\WORK\LUABIND\DEBUGX86\LINIT.OBJ
E:\YASI\PROJECT\WORK\LUABIND\DEBUGX86\LINK_COMPATIBILITY.OBJ
E:\YASI\PROJECT\WORK\LUABIND\DEBUGX86\LIOLIB.OBJ
E:\YASI\PROJECT\WORK\LUABIND\DEBUGX86\LLEX.OBJ
E:\YASI\PROJECT\WORK\LUABIND\DEBUGX86\LMATHLIB.OBJ
E:\YASI\PROJECT\WORK\LUABIND\DEBUGX86\LMEM.OBJ
E:\YASI\PROJECT\WORK\LUABIND\DEBUGX86\LOADLIB.OBJ
E:\YASI\PROJECT\WORK\LUABIND\DEBUGX86\LOBJECT.OBJ
E:\YASI\PROJECT\WORK\LUABIND\DEBUGX86\LOPCODES.OBJ
E:\YASI\PROJECT\WORK\LUABIND\DEBUGX86\LOSLIB.OBJ
E:\YASI\PROJECT\WORK\LUABIND\DEBUGX86\LPARSER.OBJ
E:\YASI\PROJECT\WORK\LUABIND\DEBUGX86\LSTATE.OBJ
E:\YASI\PROJECT\WORK\LUABIND\DEBUGX86\LSTRING.OBJ
E:\YASI\PROJECT\WORK\LUABIND\DEBUGX86\LSTRLIB.OBJ
E:\YASI\PROJECT\WORK\LUABIND\DEBUGX86\LTABLE.OBJ
E:\YASI\PROJECT\WORK\LUABIND\DEBUGX86\LTABLIB.OBJ
E:\YASI\PROJECT\WORK\LUABIND\DEBUGX86\LTM.OBJ
E:\YASI\PROJECT\WORK\LUABIND\DEBUGX86\LUA.OBJ
E:\Yasi\Project\Work\LuaBind\DebugX86\LuaBind.vcxprojResolveAssemblyReference.cache
E:\Yasi\Project\Work\LuaBind\DebugX86\LuaBind.write.1.tlog
E:\YASI\PROJECT\WORK\LUABIND\DEBUGX86\LUAC.OBJ
E:\YASI\PROJECT\WORK\LUABIND\DEBUGX86\LUNDUMP.OBJ
E:\YASI\PROJECT\WORK\LUABIND\DEBUGX86\LVM.OBJ
E:\YASI\PROJECT\WORK\LUABIND\DEBUGX86\LZIO.OBJ
E:\YASI\PROJECT\WORK\LUABIND\DEBUGX86\OBJECT_REP.OBJ
E:\YASI\PROJECT\WORK\LUABIND\DEBUGX86\OPEN.OBJ
E:\YASI\PROJECT\WORK\LUABIND\DEBUGX86\PCALL.OBJ
E:\YASI\PROJECT\WORK\LUABIND\DEBUGX86\PRINT.OBJ
E:\YASI\PROJECT\WORK\LUABIND\DEBUGX86\SCOPE.OBJ
E:\YASI\PROJECT\WORK\LUABIND\DEBUGX86\STACK_CONTENT_BY_NAME.OBJ
E:\Yasi\Project\Work\LuaBind\DebugX86\vc100.idb
E:\YASI\PROJECT\WORK\LUABIND\DEBUGX86\VC100.PDB
E:\YASI\PROJECT\WORK\LUABIND\DEBUGX86\WEAK_REF.OBJ
E:\YASI\PROJECT\WORK\LUABIND\DEBUGX86\WRAPPER_BASE.OBJ
