E:\YASI\PROJECT\WORK\RELEASEX86\SCINTILLALIB.LIB
E:\YASI\PROJECT\WORK\SCINTILLALIB\RELEASEX86\ACCESSOR.OBJ
E:\YASI\PROJECT\WORK\SCINTILLALIB\RELEASEX86\AUTOCOMPLETE.OBJ
E:\YASI\PROJECT\WORK\SCINTILLALIB\RELEASEX86\CALLTIP.OBJ
E:\YASI\PROJECT\WORK\SCINTILLALIB\RELEASEX86\CASECONVERT.OBJ
E:\YASI\PROJECT\WORK\SCINTILLALIB\RELEASEX86\CASEFOLDER.OBJ
E:\YASI\PROJECT\WORK\SCINTILLALIB\RELEASEX86\CATALOGUE.OBJ
E:\YASI\PROJECT\WORK\SCINTILLALIB\RELEASEX86\CELLBUFFER.OBJ
E:\YASI\PROJECT\WORK\SCINTILLALIB\RELEASEX86\CHARACTERCATEGORY.OBJ
E:\YASI\PROJECT\WORK\SCINTILLALIB\RELEASEX86\CHARACTERSET.OBJ
E:\YASI\PROJECT\WORK\SCINTILLALIB\RELEASEX86\CHARCLASSIFY.OBJ
E:\YASI\PROJECT\WORK\SCINTILLALIB\RELEASEX86\CHECKD2D.OBJ
E:\Yasi\Project\Work\ScintillaLib\ReleaseX86\cl.command.1.tlog
E:\Yasi\Project\Work\ScintillaLib\ReleaseX86\CL.read.1.tlog
E:\Yasi\Project\Work\ScintillaLib\ReleaseX86\CL.write.1.tlog
E:\YASI\PROJECT\WORK\SCINTILLALIB\RELEASEX86\CONTRACTIONSTATE.OBJ
E:\YASI\PROJECT\WORK\SCINTILLALIB\RELEASEX86\DECORATION.OBJ
E:\YASI\PROJECT\WORK\SCINTILLALIB\RELEASEX86\DOCUMENT.OBJ
E:\YASI\PROJECT\WORK\SCINTILLALIB\RELEASEX86\EDITMODEL.OBJ
E:\YASI\PROJECT\WORK\SCINTILLALIB\RELEASEX86\EDITOR.OBJ
E:\YASI\PROJECT\WORK\SCINTILLALIB\RELEASEX86\EDITVIEW.OBJ
E:\YASI\PROJECT\WORK\SCINTILLALIB\RELEASEX86\EXTERNALLEXER.OBJ
E:\YASI\PROJECT\WORK\SCINTILLALIB\RELEASEX86\HANJADIC.OBJ
E:\YASI\PROJECT\WORK\SCINTILLALIB\RELEASEX86\INDICATOR.OBJ
E:\YASI\PROJECT\WORK\SCINTILLALIB\RELEASEX86\KEYMAP.OBJ
E:\YASI\PROJECT\WORK\SCINTILLALIB\RELEASEX86\LEXA68K.OBJ
E:\YASI\PROJECT\WORK\SCINTILLALIB\RELEASEX86\LEXABAQUS.OBJ
E:\YASI\PROJECT\WORK\SCINTILLALIB\RELEASEX86\LEXADA.OBJ
E:\YASI\PROJECT\WORK\SCINTILLALIB\RELEASEX86\LEXAPDL.OBJ
E:\YASI\PROJECT\WORK\SCINTILLALIB\RELEASEX86\LEXASM.OBJ
E:\YASI\PROJECT\WORK\SCINTILLALIB\RELEASEX86\LEXASN1.OBJ
E:\YASI\PROJECT\WORK\SCINTILLALIB\RELEASEX86\LEXASY.OBJ
E:\YASI\PROJECT\WORK\SCINTILLALIB\RELEASEX86\LEXAU3.OBJ
E:\YASI\PROJECT\WORK\SCINTILLALIB\RELEASEX86\LEXAVE.OBJ
E:\YASI\PROJECT\WORK\SCINTILLALIB\RELEASEX86\LEXAVS.OBJ
E:\YASI\PROJECT\WORK\SCINTILLALIB\RELEASEX86\LEXBAAN.OBJ
E:\YASI\PROJECT\WORK\SCINTILLALIB\RELEASEX86\LEXBASH.OBJ
E:\YASI\PROJECT\WORK\SCINTILLALIB\RELEASEX86\LEXBASIC.OBJ
E:\YASI\PROJECT\WORK\SCINTILLALIB\RELEASEX86\LEXBATCH.OBJ
E:\YASI\PROJECT\WORK\SCINTILLALIB\RELEASEX86\LEXBIBTEX.OBJ
E:\YASI\PROJECT\WORK\SCINTILLALIB\RELEASEX86\LEXBULLANT.OBJ
E:\YASI\PROJECT\WORK\SCINTILLALIB\RELEASEX86\LEXCAML.OBJ
E:\YASI\PROJECT\WORK\SCINTILLALIB\RELEASEX86\LEXCLW.OBJ
E:\YASI\PROJECT\WORK\SCINTILLALIB\RELEASEX86\LEXCMAKE.OBJ
E:\YASI\PROJECT\WORK\SCINTILLALIB\RELEASEX86\LEXCOBOL.OBJ
E:\YASI\PROJECT\WORK\SCINTILLALIB\RELEASEX86\LEXCOFFEESCRIPT.OBJ
E:\YASI\PROJECT\WORK\SCINTILLALIB\RELEASEX86\LEXCONF.OBJ
E:\YASI\PROJECT\WORK\SCINTILLALIB\RELEASEX86\LEXCPP.OBJ
E:\YASI\PROJECT\WORK\SCINTILLALIB\RELEASEX86\LEXCRONTAB.OBJ
E:\YASI\PROJECT\WORK\SCINTILLALIB\RELEASEX86\LEXCSOUND.OBJ
E:\YASI\PROJECT\WORK\SCINTILLALIB\RELEASEX86\LEXCSS.OBJ
E:\YASI\PROJECT\WORK\SCINTILLALIB\RELEASEX86\LEXD.OBJ
E:\YASI\PROJECT\WORK\SCINTILLALIB\RELEASEX86\LEXDIFF.OBJ
E:\YASI\PROJECT\WORK\SCINTILLALIB\RELEASEX86\LEXDMAP.OBJ
E:\YASI\PROJECT\WORK\SCINTILLALIB\RELEASEX86\LEXDMIS.OBJ
E:\YASI\PROJECT\WORK\SCINTILLALIB\RELEASEX86\LEXECL.OBJ
E:\YASI\PROJECT\WORK\SCINTILLALIB\RELEASEX86\LEXEIFFEL.OBJ
E:\YASI\PROJECT\WORK\SCINTILLALIB\RELEASEX86\LEXERBASE.OBJ
E:\YASI\PROJECT\WORK\SCINTILLALIB\RELEASEX86\LEXERLANG.OBJ
E:\YASI\PROJECT\WORK\SCINTILLALIB\RELEASEX86\LEXERMODULE.OBJ
E:\YASI\PROJECT\WORK\SCINTILLALIB\RELEASEX86\LEXERNOEXCEPTIONS.OBJ
E:\YASI\PROJECT\WORK\SCINTILLALIB\RELEASEX86\LEXERRORLIST.OBJ
E:\YASI\PROJECT\WORK\SCINTILLALIB\RELEASEX86\LEXERSIMPLE.OBJ
E:\YASI\PROJECT\WORK\SCINTILLALIB\RELEASEX86\LEXESCRIPT.OBJ
E:\YASI\PROJECT\WORK\SCINTILLALIB\RELEASEX86\LEXFLAGSHIP.OBJ
E:\YASI\PROJECT\WORK\SCINTILLALIB\RELEASEX86\LEXFORTH.OBJ
E:\YASI\PROJECT\WORK\SCINTILLALIB\RELEASEX86\LEXFORTRAN.OBJ
E:\YASI\PROJECT\WORK\SCINTILLALIB\RELEASEX86\LEXGAP.OBJ
E:\YASI\PROJECT\WORK\SCINTILLALIB\RELEASEX86\LEXGUI4CLI.OBJ
E:\YASI\PROJECT\WORK\SCINTILLALIB\RELEASEX86\LEXHASKELL.OBJ
E:\YASI\PROJECT\WORK\SCINTILLALIB\RELEASEX86\LEXHEX.OBJ
E:\YASI\PROJECT\WORK\SCINTILLALIB\RELEASEX86\LEXHTML.OBJ
E:\YASI\PROJECT\WORK\SCINTILLALIB\RELEASEX86\LEXINNO.OBJ
E:\YASI\PROJECT\WORK\SCINTILLALIB\RELEASEX86\LEXJSON.OBJ
E:\YASI\PROJECT\WORK\SCINTILLALIB\RELEASEX86\LEXKIX.OBJ
E:\YASI\PROJECT\WORK\SCINTILLALIB\RELEASEX86\LEXKVIRC.OBJ
E:\YASI\PROJECT\WORK\SCINTILLALIB\RELEASEX86\LEXLATEX.OBJ
E:\YASI\PROJECT\WORK\SCINTILLALIB\RELEASEX86\LEXLISP.OBJ
E:\YASI\PROJECT\WORK\SCINTILLALIB\RELEASEX86\LEXLOUT.OBJ
E:\YASI\PROJECT\WORK\SCINTILLALIB\RELEASEX86\LEXLUA.OBJ
E:\YASI\PROJECT\WORK\SCINTILLALIB\RELEASEX86\LEXMAGIK.OBJ
E:\YASI\PROJECT\WORK\SCINTILLALIB\RELEASEX86\LEXMAKE.OBJ
E:\YASI\PROJECT\WORK\SCINTILLALIB\RELEASEX86\LEXMARKDOWN.OBJ
E:\YASI\PROJECT\WORK\SCINTILLALIB\RELEASEX86\LEXMATLAB.OBJ
E:\YASI\PROJECT\WORK\SCINTILLALIB\RELEASEX86\LEXMETAPOST.OBJ
E:\YASI\PROJECT\WORK\SCINTILLALIB\RELEASEX86\LEXMMIXAL.OBJ
E:\YASI\PROJECT\WORK\SCINTILLALIB\RELEASEX86\LEXMODULA.OBJ
E:\YASI\PROJECT\WORK\SCINTILLALIB\RELEASEX86\LEXMPT.OBJ
E:\YASI\PROJECT\WORK\SCINTILLALIB\RELEASEX86\LEXMSSQL.OBJ
E:\YASI\PROJECT\WORK\SCINTILLALIB\RELEASEX86\LEXMYSQL.OBJ
E:\YASI\PROJECT\WORK\SCINTILLALIB\RELEASEX86\LEXNIMROD.OBJ
E:\YASI\PROJECT\WORK\SCINTILLALIB\RELEASEX86\LEXNSIS.OBJ
E:\YASI\PROJECT\WORK\SCINTILLALIB\RELEASEX86\LEXNULL.OBJ
E:\YASI\PROJECT\WORK\SCINTILLALIB\RELEASEX86\LEXOPAL.OBJ
E:\YASI\PROJECT\WORK\SCINTILLALIB\RELEASEX86\LEXOSCRIPT.OBJ
E:\YASI\PROJECT\WORK\SCINTILLALIB\RELEASEX86\LEXPASCAL.OBJ
E:\YASI\PROJECT\WORK\SCINTILLALIB\RELEASEX86\LEXPB.OBJ
E:\YASI\PROJECT\WORK\SCINTILLALIB\RELEASEX86\LEXPERL.OBJ
E:\YASI\PROJECT\WORK\SCINTILLALIB\RELEASEX86\LEXPLM.OBJ
E:\YASI\PROJECT\WORK\SCINTILLALIB\RELEASEX86\LEXPO.OBJ
E:\YASI\PROJECT\WORK\SCINTILLALIB\RELEASEX86\LEXPOV.OBJ
E:\YASI\PROJECT\WORK\SCINTILLALIB\RELEASEX86\LEXPOWERPRO.OBJ
E:\YASI\PROJECT\WORK\SCINTILLALIB\RELEASEX86\LEXPOWERSHELL.OBJ
E:\YASI\PROJECT\WORK\SCINTILLALIB\RELEASEX86\LEXPROGRESS.OBJ
E:\YASI\PROJECT\WORK\SCINTILLALIB\RELEASEX86\LEXPROPS.OBJ
E:\YASI\PROJECT\WORK\SCINTILLALIB\RELEASEX86\LEXPS.OBJ
E:\YASI\PROJECT\WORK\SCINTILLALIB\RELEASEX86\LEXPYTHON.OBJ
E:\YASI\PROJECT\WORK\SCINTILLALIB\RELEASEX86\LEXR.OBJ
E:\YASI\PROJECT\WORK\SCINTILLALIB\RELEASEX86\LEXREBOL.OBJ
E:\YASI\PROJECT\WORK\SCINTILLALIB\RELEASEX86\LEXREGISTRY.OBJ
E:\YASI\PROJECT\WORK\SCINTILLALIB\RELEASEX86\LEXRUBY.OBJ
E:\YASI\PROJECT\WORK\SCINTILLALIB\RELEASEX86\LEXRUST.OBJ
E:\YASI\PROJECT\WORK\SCINTILLALIB\RELEASEX86\LEXSCRIPTOL.OBJ
E:\YASI\PROJECT\WORK\SCINTILLALIB\RELEASEX86\LEXSMALLTALK.OBJ
E:\YASI\PROJECT\WORK\SCINTILLALIB\RELEASEX86\LEXSML.OBJ
E:\YASI\PROJECT\WORK\SCINTILLALIB\RELEASEX86\LEXSORCUS.OBJ
E:\YASI\PROJECT\WORK\SCINTILLALIB\RELEASEX86\LEXSPECMAN.OBJ
E:\YASI\PROJECT\WORK\SCINTILLALIB\RELEASEX86\LEXSPICE.OBJ
E:\YASI\PROJECT\WORK\SCINTILLALIB\RELEASEX86\LEXSQL.OBJ
E:\YASI\PROJECT\WORK\SCINTILLALIB\RELEASEX86\LEXSTTXT.OBJ
E:\YASI\PROJECT\WORK\SCINTILLALIB\RELEASEX86\LEXTACL.OBJ
E:\YASI\PROJECT\WORK\SCINTILLALIB\RELEASEX86\LEXTADS3.OBJ
E:\YASI\PROJECT\WORK\SCINTILLALIB\RELEASEX86\LEXTAL.OBJ
E:\YASI\PROJECT\WORK\SCINTILLALIB\RELEASEX86\LEXTCL.OBJ
E:\YASI\PROJECT\WORK\SCINTILLALIB\RELEASEX86\LEXTCMD.OBJ
E:\YASI\PROJECT\WORK\SCINTILLALIB\RELEASEX86\LEXTEX.OBJ
E:\YASI\PROJECT\WORK\SCINTILLALIB\RELEASEX86\LEXTXT2TAGS.OBJ
E:\YASI\PROJECT\WORK\SCINTILLALIB\RELEASEX86\LEXVB.OBJ
E:\YASI\PROJECT\WORK\SCINTILLALIB\RELEASEX86\LEXVERILOG.OBJ
E:\YASI\PROJECT\WORK\SCINTILLALIB\RELEASEX86\LEXVHDL.OBJ
E:\YASI\PROJECT\WORK\SCINTILLALIB\RELEASEX86\LEXVISUALPROLOG.OBJ
E:\YASI\PROJECT\WORK\SCINTILLALIB\RELEASEX86\LEXYAML.OBJ
E:\Yasi\Project\Work\ScintillaLib\ReleaseX86\lib.command.1.tlog
E:\Yasi\Project\Work\ScintillaLib\ReleaseX86\Lib-link.read.1.tlog
E:\Yasi\Project\Work\ScintillaLib\ReleaseX86\Lib-link.write.1.tlog
E:\YASI\PROJECT\WORK\SCINTILLALIB\RELEASEX86\LINEMARKER.OBJ
E:\YASI\PROJECT\WORK\SCINTILLALIB\RELEASEX86\MARGINVIEW.OBJ
E:\YASI\PROJECT\WORK\SCINTILLALIB\RELEASEX86\PERLINE.OBJ
E:\YASI\PROJECT\WORK\SCINTILLALIB\RELEASEX86\PLATWIN.OBJ
E:\YASI\PROJECT\WORK\SCINTILLALIB\RELEASEX86\POSITIONCACHE.OBJ
E:\YASI\PROJECT\WORK\SCINTILLALIB\RELEASEX86\PROPSETSIMPLE.OBJ
E:\YASI\PROJECT\WORK\SCINTILLALIB\RELEASEX86\RESEARCH.OBJ
E:\YASI\PROJECT\WORK\SCINTILLALIB\RELEASEX86\RUNSTYLES.OBJ
E:\YASI\PROJECT\WORK\SCINTILLALIB\RELEASEX86\SCINTILLABASE.OBJ
E:\YASI\PROJECT\WORK\SCINTILLALIB\RELEASEX86\SCINTILLALIB.PCH
E:\Yasi\Project\Work\ScintillaLib\ReleaseX86\ScintillaLib.vcxprojResolveAssemblyReference.cache
E:\Yasi\Project\Work\ScintillaLib\ReleaseX86\ScintillaLib.write.1.tlog
E:\YASI\PROJECT\WORK\SCINTILLALIB\RELEASEX86\SCINTILLAWIN.OBJ
E:\YASI\PROJECT\WORK\SCINTILLALIB\RELEASEX86\SELECTION.OBJ
E:\YASI\PROJECT\WORK\SCINTILLALIB\RELEASEX86\STDAFX.OBJ
E:\YASI\PROJECT\WORK\SCINTILLALIB\RELEASEX86\STYLE.OBJ
E:\YASI\PROJECT\WORK\SCINTILLALIB\RELEASEX86\STYLECONTEXT.OBJ
E:\YASI\PROJECT\WORK\SCINTILLALIB\RELEASEX86\UNICONVERSION.OBJ
E:\YASI\PROJECT\WORK\SCINTILLALIB\RELEASEX86\VC100.PDB
E:\YASI\PROJECT\WORK\SCINTILLALIB\RELEASEX86\VIEWSTYLE.OBJ
E:\YASI\PROJECT\WORK\SCINTILLALIB\RELEASEX86\WORDLIST.OBJ
E:\YASI\PROJECT\WORK\SCINTILLALIB\RELEASEX86\XPM.OBJ
