E:\YASI\PROJECT\WORK\DEBUGX86\NEWMAT.LIB
E:\YASI\PROJECT\WORK\NEWMAT\DEBUGX86\BANDMAT.OBJ
E:\YASI\PROJECT\WORK\NEWMAT\DEBUGX86\CHOLESKY.OBJ
E:\Yasi\Project\Work\newmat\DebugX86\cl.command.1.tlog
E:\Yasi\Project\Work\newmat\DebugX86\CL.read.1.tlog
E:\Yasi\Project\Work\newmat\DebugX86\CL.write.1.tlog
E:\YASI\PROJECT\WORK\NEWMAT\DEBUGX86\EVALUE.OBJ
E:\YASI\PROJECT\WORK\NEWMAT\DEBUGX86\FFT.OBJ
E:\YASI\PROJECT\WORK\NEWMAT\DEBUGX86\HHOLDER.OBJ
E:\YASI\PROJECT\WORK\NEWMAT\DEBUGX86\JACOBI.OBJ
E:\Yasi\Project\Work\newmat\DebugX86\lib.command.1.tlog
E:\Yasi\Project\Work\newmat\DebugX86\Lib-link.read.1.tlog
E:\Yasi\Project\Work\newmat\DebugX86\Lib-link.write.1.tlog
E:\YASI\PROJECT\WORK\NEWMAT\DEBUGX86\MYEXCEPT.OBJ
E:\YASI\PROJECT\WORK\NEWMAT\DEBUGX86\NEWFFT.OBJ
E:\Yasi\Project\Work\newmat\DebugX86\newmat.vcxprojResolveAssemblyReference.cache
E:\Yasi\Project\Work\newmat\DebugX86\newmat.write.1.tlog
E:\YASI\PROJECT\WORK\NEWMAT\DEBUGX86\NEWMAT1.OBJ
E:\YASI\PROJECT\WORK\NEWMAT\DEBUGX86\NEWMAT2.OBJ
E:\YASI\PROJECT\WORK\NEWMAT\DEBUGX86\NEWMAT3.OBJ
E:\YASI\PROJECT\WORK\NEWMAT\DEBUGX86\NEWMAT4.OBJ
E:\YASI\PROJECT\WORK\NEWMAT\DEBUGX86\NEWMAT5.OBJ
E:\YASI\PROJECT\WORK\NEWMAT\DEBUGX86\NEWMAT6.OBJ
E:\YASI\PROJECT\WORK\NEWMAT\DEBUGX86\NEWMAT7.OBJ
E:\YASI\PROJECT\WORK\NEWMAT\DEBUGX86\NEWMAT8.OBJ
E:\YASI\PROJECT\WORK\NEWMAT\DEBUGX86\NEWMAT9.OBJ
E:\YASI\PROJECT\WORK\NEWMAT\DEBUGX86\NEWMATEX.OBJ
E:\YASI\PROJECT\WORK\NEWMAT\DEBUGX86\NEWMATNL.OBJ
E:\YASI\PROJECT\WORK\NEWMAT\DEBUGX86\NEWMATRM.OBJ
E:\YASI\PROJECT\WORK\NEWMAT\DEBUGX86\NM_MISC.OBJ
E:\YASI\PROJECT\WORK\NEWMAT\DEBUGX86\SOLUTION.OBJ
E:\YASI\PROJECT\WORK\NEWMAT\DEBUGX86\SORT.OBJ
E:\YASI\PROJECT\WORK\NEWMAT\DEBUGX86\SUBMAT.OBJ
E:\YASI\PROJECT\WORK\NEWMAT\DEBUGX86\SVD.OBJ
E:\Yasi\Project\Work\newmat\DebugX86\vc100.idb
E:\YASI\PROJECT\WORK\NEWMAT\DEBUGX86\VC100.PDB
