E:\Yasi\Project\Work\LuaBind\ReleaseX86\cl.command.1.tlog
E:\Yasi\Project\Work\LuaBind\ReleaseX86\CL.read.1.tlog
E:\Yasi\Project\Work\LuaBind\ReleaseX86\CL.write.1.tlog
E:\YASI\PROJECT\WORK\LUABIND\RELEASEX86\CLASS.OBJ
E:\YASI\PROJECT\WORK\LUABIND\RELEASEX86\CLASS_INFO.OBJ
E:\YASI\PROJECT\WORK\LUABIND\RELEASEX86\CLASS_REGISTRY.OBJ
E:\YASI\PROJECT\WORK\LUABIND\RELEASEX86\CLASS_REP.OBJ
E:\YASI\PROJECT\WORK\LUABIND\RELEASEX86\CREATE_CLASS.OBJ
E:\YASI\PROJECT\WORK\LUABIND\RELEASEX86\ERROR.OBJ
E:\YASI\PROJECT\WORK\LUABIND\RELEASEX86\EXCEPTION_HANDLER.OBJ
E:\YASI\PROJECT\WORK\LUABIND\RELEASEX86\FUNCTION.OBJ
E:\YASI\PROJECT\WORK\LUABIND\RELEASEX86\INHERITANCE.OBJ
E:\YASI\PROJECT\WORK\LUABIND\RELEASEX86\LAPI.OBJ
E:\YASI\PROJECT\WORK\LUABIND\RELEASEX86\LAUXLIB.OBJ
E:\YASI\PROJECT\WORK\LUABIND\RELEASEX86\LBASELIB.OBJ
E:\YASI\PROJECT\WORK\LUABIND\RELEASEX86\LCODE.OBJ
E:\YASI\PROJECT\WORK\LUABIND\RELEASEX86\LDBLIB.OBJ
E:\YASI\PROJECT\WORK\LUABIND\RELEASEX86\LDEBUG.OBJ
E:\YASI\PROJECT\WORK\LUABIND\RELEASEX86\LDO.OBJ
E:\YASI\PROJECT\WORK\LUABIND\RELEASEX86\LDUMP.OBJ
E:\YASI\PROJECT\WORK\LUABIND\RELEASEX86\LFUNC.OBJ
E:\YASI\PROJECT\WORK\LUABIND\RELEASEX86\LGC.OBJ
E:\Yasi\Project\Work\LuaBind\ReleaseX86\lib.command.1.tlog
E:\Yasi\Project\Work\LuaBind\ReleaseX86\Lib-link.read.1.tlog
E:\Yasi\Project\Work\LuaBind\ReleaseX86\Lib-link.write.1.tlog
E:\YASI\PROJECT\WORK\LUABIND\RELEASEX86\LINIT.OBJ
E:\YASI\PROJECT\WORK\LUABIND\RELEASEX86\LINK_COMPATIBILITY.OBJ
E:\YASI\PROJECT\WORK\LUABIND\RELEASEX86\LIOLIB.OBJ
E:\YASI\PROJECT\WORK\LUABIND\RELEASEX86\LLEX.OBJ
E:\YASI\PROJECT\WORK\LUABIND\RELEASEX86\LMATHLIB.OBJ
E:\YASI\PROJECT\WORK\LUABIND\RELEASEX86\LMEM.OBJ
E:\YASI\PROJECT\WORK\LUABIND\RELEASEX86\LOADLIB.OBJ
E:\YASI\PROJECT\WORK\LUABIND\RELEASEX86\LOBJECT.OBJ
E:\YASI\PROJECT\WORK\LUABIND\RELEASEX86\LOPCODES.OBJ
E:\YASI\PROJECT\WORK\LUABIND\RELEASEX86\LOSLIB.OBJ
E:\YASI\PROJECT\WORK\LUABIND\RELEASEX86\LPARSER.OBJ
E:\YASI\PROJECT\WORK\LUABIND\RELEASEX86\LSTATE.OBJ
E:\YASI\PROJECT\WORK\LUABIND\RELEASEX86\LSTRING.OBJ
E:\YASI\PROJECT\WORK\LUABIND\RELEASEX86\LSTRLIB.OBJ
E:\YASI\PROJECT\WORK\LUABIND\RELEASEX86\LTABLE.OBJ
E:\YASI\PROJECT\WORK\LUABIND\RELEASEX86\LTABLIB.OBJ
E:\YASI\PROJECT\WORK\LUABIND\RELEASEX86\LTM.OBJ
E:\YASI\PROJECT\WORK\LUABIND\RELEASEX86\LUA.OBJ
E:\Yasi\Project\Work\LuaBind\ReleaseX86\LuaBind.write.1.tlog
E:\YASI\PROJECT\WORK\LUABIND\RELEASEX86\LUAC.OBJ
E:\YASI\PROJECT\WORK\LUABIND\RELEASEX86\LUNDUMP.OBJ
E:\YASI\PROJECT\WORK\LUABIND\RELEASEX86\LVM.OBJ
E:\YASI\PROJECT\WORK\LUABIND\RELEASEX86\LZIO.OBJ
E:\YASI\PROJECT\WORK\LUABIND\RELEASEX86\OBJECT_REP.OBJ
E:\YASI\PROJECT\WORK\LUABIND\RELEASEX86\OPEN.OBJ
E:\YASI\PROJECT\WORK\LUABIND\RELEASEX86\PCALL.OBJ
E:\YASI\PROJECT\WORK\LUABIND\RELEASEX86\PRINT.OBJ
E:\YASI\PROJECT\WORK\LUABIND\RELEASEX86\SCOPE.OBJ
E:\YASI\PROJECT\WORK\LUABIND\RELEASEX86\STACK_CONTENT_BY_NAME.OBJ
E:\YASI\PROJECT\WORK\LUABIND\RELEASEX86\VC100.PDB
E:\YASI\PROJECT\WORK\LUABIND\RELEASEX86\WEAK_REF.OBJ
E:\YASI\PROJECT\WORK\LUABIND\RELEASEX86\WRAPPER_BASE.OBJ
E:\YASI\PROJECT\WORK\RELEASEX86\LUABIND.LIB
