E:\YASI\PROJECT\WORK\NEWMAT\RELEASEX86\BANDMAT.OBJ
E:\YASI\PROJECT\WORK\NEWMAT\RELEASEX86\CHOLESKY.OBJ
E:\Yasi\Project\Work\newmat\ReleaseX86\cl.command.1.tlog
E:\Yasi\Project\Work\newmat\ReleaseX86\CL.read.1.tlog
E:\Yasi\Project\Work\newmat\ReleaseX86\CL.write.1.tlog
E:\YASI\PROJECT\WORK\NEWMAT\RELEASEX86\EVALUE.OBJ
E:\YASI\PROJECT\WORK\NEWMAT\RELEASEX86\FFT.OBJ
E:\YASI\PROJECT\WORK\NEWMAT\RELEASEX86\HHOLDER.OBJ
E:\YASI\PROJECT\WORK\NEWMAT\RELEASEX86\JACOBI.OBJ
E:\Yasi\Project\Work\newmat\ReleaseX86\lib.command.1.tlog
E:\Yasi\Project\Work\newmat\ReleaseX86\Lib-link.read.1.tlog
E:\Yasi\Project\Work\newmat\ReleaseX86\Lib-link.write.1.tlog
E:\YASI\PROJECT\WORK\NEWMAT\RELEASEX86\MYEXCEPT.OBJ
E:\YASI\PROJECT\WORK\NEWMAT\RELEASEX86\NEWFFT.OBJ
E:\Yasi\Project\Work\newmat\ReleaseX86\newmat.vcxprojResolveAssemblyReference.cache
E:\Yasi\Project\Work\newmat\ReleaseX86\newmat.write.1.tlog
E:\YASI\PROJECT\WORK\NEWMAT\RELEASEX86\NEWMAT1.OBJ
E:\YASI\PROJECT\WORK\NEWMAT\RELEASEX86\NEWMAT2.OBJ
E:\YASI\PROJECT\WORK\NEWMAT\RELEASEX86\NEWMAT3.OBJ
E:\YASI\PROJECT\WORK\NEWMAT\RELEASEX86\NEWMAT4.OBJ
E:\YASI\PROJECT\WORK\NEWMAT\RELEASEX86\NEWMAT5.OBJ
E:\YASI\PROJECT\WORK\NEWMAT\RELEASEX86\NEWMAT6.OBJ
E:\YASI\PROJECT\WORK\NEWMAT\RELEASEX86\NEWMAT7.OBJ
E:\YASI\PROJECT\WORK\NEWMAT\RELEASEX86\NEWMAT8.OBJ
E:\YASI\PROJECT\WORK\NEWMAT\RELEASEX86\NEWMAT9.OBJ
E:\YASI\PROJECT\WORK\NEWMAT\RELEASEX86\NEWMATEX.OBJ
E:\YASI\PROJECT\WORK\NEWMAT\RELEASEX86\NEWMATNL.OBJ
E:\YASI\PROJECT\WORK\NEWMAT\RELEASEX86\NEWMATRM.OBJ
E:\YASI\PROJECT\WORK\NEWMAT\RELEASEX86\NM_MISC.OBJ
E:\YASI\PROJECT\WORK\NEWMAT\RELEASEX86\SOLUTION.OBJ
E:\YASI\PROJECT\WORK\NEWMAT\RELEASEX86\SORT.OBJ
E:\YASI\PROJECT\WORK\NEWMAT\RELEASEX86\SUBMAT.OBJ
E:\YASI\PROJECT\WORK\NEWMAT\RELEASEX86\SVD.OBJ
E:\YASI\PROJECT\WORK\NEWMAT\RELEASEX86\VC100.PDB
E:\YASI\PROJECT\WORK\RELEASEX86\NEWMAT.LIB
